[INFO] ------------------------------------------------------------------------
[INFO] BUILD FAILURE
[INFO] ------------------------------------------------------------------------
[INFO] Total time:  5.646 s
[INFO] Finished at: 2025-07-03T11:09:25+02:00
[INFO] ------------------------------------------------------------------------
[ERROR] Failed to execute goal org.apache.maven.plugins:maven-compiler-plugin:3.14.0:testCompile (default-testCompile) on project pkptuna-hazelcast: Compilation failure: Compilation failure: 
[ERROR] /C:/DEV/pkptuna-mkp/pkptuna-hazelcast/src/test/java/osplus/pkptuna/hazelcast/pubsub/GenericHazelcastRouterTest.java:[70,40] Nicht gemeldete Ausnahme com.google.protobuf.InvalidProtocolBufferException. Muss abgefangen oder deklariert werden, um ausgelöst zu werden
[ERROR] /C:/DEV/pkptuna-mkp/pkptuna-hazelcast/src/test/java/osplus/pkptuna/hazelcast/pubsub/GenericHazelcastRouterTest.java:[97,40] Nicht gemeldete Ausnahme com.google.protobuf.InvalidProtocolBufferException. Muss abgefangen oder deklariert werden, um ausgelöst zu werden
[ERROR] /C:/DEV/pkptuna-mkp/pkptuna-hazelcast/src/test/java/osplus/pkptuna/hazelcast/pubsub/GenericHazelcastRouterTest.java:[122,40] Nicht gemeldete Ausnahme com.google.protobuf.InvalidProtocolBufferException. Muss abgefangen oder deklariert werden, um ausgelöst zu werden
[ERROR] -> [Help 1]
